#
# There is insufficient memory for the Java Runtime Environment to continue.
# Native memory allocation (malloc) failed to allocate 2097152 bytes for AllocateHeap
# Possible reasons:
#   The system is out of physical RAM or swap space
#   The process is running with CompressedOops enabled, and the Java Heap may be blocking the growth of the native heap
# Possible solutions:
#   Reduce memory load on the system
#   Increase physical memory or swap space
#   Check if swap backing store is full
#   Decrease Java heap size (-Xmx/-Xms)
#   Decrease number of Java threads
#   Decrease Java thread stack sizes (-Xss)
#   Set larger code cache with -XX:ReservedCodeCacheSize=
#   JVM is running with Unscaled Compressed Oops mode in which the Java heap is
#     placed in the first 4GB address space. The Java Heap base address is the
#     maximum limit for the native heap growth. Please use -XX:HeapBaseMinAddress
#     to set the Java Heap base and to place the Java Heap above 4GB virtual address.
# This output file may be truncated or incomplete.
#
#  Out of Memory Error (allocation.cpp:44), pid=1704, tid=3976
#
# JRE version: OpenJDK Runtime Environment Temurin-17.0.4.1+1 (17.0.4.1+1) (build 17.0.4.1+1)
# Java VM: OpenJDK 64-Bit Server VM Temurin-17.0.4.1+1 (17.0.4.1+1, mixed mode, emulated-client, tiered, compressed oops, compressed class ptrs, g1 gc, windows-amd64)
# No core dump will be written. Minidumps are not enabled by default on client versions of Windows
#

---------------  S U M M A R Y ------------

Command Line: -Dcom.sun.management.jmxremote -Dcom.sun.management.jmxremote.port=2641 -Dcom.sun.management.jmxremote.authenticate=false -Dcom.sun.management.jmxremote.ssl=false -Djava.rmi.server.hostname=localhost -Dspring.jmx.enabled=true -Dspring.application.admin.enabled=true -XX:TieredStopAtLevel=1 -Dspring.boot.project.name=votaapp -Dfile.encoding=UTF-8 -XX:+ShowCodeDetailsInExceptionMessages com.app.web.VotaappApplication --spring.output.ansi.enabled=always

Host: Intel(R) Core(TM) i5-6200U CPU @ 2.30GHz, 4 cores, 7G,  Windows 10 , 64 bit Build 19041 (10.0.19041.1645)
Time: Thu Dec  8 20:55:55 2022 Hora est. Pacífico, Sudamérica elapsed time: 2006.707108 seconds (0d 0h 33m 26s)

---------------  T H R E A D  ---------------

Current thread (0x000001c3d9860480):  VMThread "VM Thread" [stack: 0x000000b527400000,0x000000b527500000] [id=3976]

Stack: [0x000000b527400000,0x000000b527500000]
Native frames: (J=compiled Java code, j=interpreted, Vv=VM code, C=native code)
V  [jvm.dll+0x67731a]
V  [jvm.dll+0x832284]
V  [jvm.dll+0x833a2e]
V  [jvm.dll+0x834093]
V  [jvm.dll+0x245775]
V  [jvm.dll+0xa6393]
V  [jvm.dll+0x2f59c1]
V  [jvm.dll+0x2f1640]
V  [jvm.dll+0x2d9d27]
V  [jvm.dll+0x31ce37]
V  [jvm.dll+0x83853b]
V  [jvm.dll+0x839274]
V  [jvm.dll+0x83978c]
V  [jvm.dll+0x839b64]
V  [jvm.dll+0x839c30]
V  [jvm.dll+0x7e240a]
V  [jvm.dll+0x6761a5]
C  [ucrtbase.dll+0x21bb2]
C  [KERNEL32.DLL+0x17034]
C  [ntdll.dll+0x52651]

VM_Operation (0x000000b526cff470): G1CollectFull, mode: safepoint, requested by thread 0x000001c3df4d5a10


---------------  P R O C E S S  ---------------

Threads class SMR info:
_java_thread_list=0x000001c3df5328c0, length=21, elements={
0x000001c3d98a09c0, 0x000001c3d98a35d0, 0x000001c3d98ebc60, 0x000001c3d98ec130,
0x000001c3d98ecb00, 0x000001c3d990a440, 0x000001c3d98f1ac0, 0x000001c3d990b4d0,
0x000001c3d9907420, 0x000001c3d9908290, 0x000001c3d9909100, 0x000001c3d99078f0,
0x000001c3d99095d0, 0x000001c3d9908c30, 0x000001c3d9909aa0, 0x000001c3d990a910,
0x000001c3dc784cc0, 0x000001c3dc785b30, 0x000001c3df4d93d0, 0x000001c3df4d5a10,
0x000001c3df4d98a0
}

Java Threads: ( => current thread )
  0x000001c3d98a09c0 JavaThread "Reference Handler" daemon [_thread_blocked, id=968, stack(0x000000b527500000,0x000000b527600000)]
  0x000001c3d98a35d0 JavaThread "Finalizer" daemon [_thread_blocked, id=8848, stack(0x000000b527600000,0x000000b527700000)]
  0x000001c3d98ebc60 JavaThread "Signal Dispatcher" daemon [_thread_blocked, id=6504, stack(0x000000b527800000,0x000000b527900000)]
  0x000001c3d98ec130 JavaThread "Attach Listener" daemon [_thread_blocked, id=6160, stack(0x000000b527900000,0x000000b527a00000)]
  0x000001c3d98ecb00 JavaThread "Service Thread" daemon [_thread_blocked, id=5028, stack(0x000000b527a00000,0x000000b527b00000)]
  0x000001c3d990a440 JavaThread "Monitor Deflation Thread" daemon [_thread_blocked, id=8096, stack(0x000000b527b00000,0x000000b527c00000)]
  0x000001c3d98f1ac0 JavaThread "C1 CompilerThread0" daemon [_thread_blocked, id=7752, stack(0x000000b527c00000,0x000000b527d00000)]
  0x000001c3d990b4d0 JavaThread "Sweeper thread" daemon [_thread_blocked, id=8716, stack(0x000000b527d00000,0x000000b527e00000)]
  0x000001c3d9907420 JavaThread "Common-Cleaner" daemon [_thread_blocked, id=8032, stack(0x000000b527e00000,0x000000b527f00000)]
  0x000001c3d9908290 JavaThread "Notification Thread" daemon [_thread_blocked, id=6788, stack(0x000000b528100000,0x000000b528200000)]
  0x000001c3d9909100 JavaThread "RMI TCP Accept-0" daemon [_thread_in_native, id=7032, stack(0x000000b528200000,0x000000b528300000)]
  0x000001c3d99078f0 JavaThread "RMI TCP Accept-2641" daemon [_thread_in_native, id=6952, stack(0x000000b528300000,0x000000b528400000)]
  0x000001c3d99095d0 JavaThread "RMI TCP Accept-0" daemon [_thread_in_native, id=2424, stack(0x000000b528400000,0x000000b528500000)]
  0x000001c3d9908c30 JavaThread "RMI Scheduler(0)" daemon [_thread_blocked, id=8984, stack(0x000000b528700000,0x000000b528800000)]
  0x000001c3d9909aa0 JavaThread "RMI TCP Connection(idle)" daemon [_thread_blocked, id=2224, stack(0x000000b528800000,0x000000b528900000)]
  0x000001c3d990a910 JavaThread "JMX server connection timeout 21" daemon [_thread_blocked, id=8660, stack(0x000000b528d00000,0x000000b528e00000)]
  0x000001c3dc784cc0 JavaThread "mysql-cj-abandoned-connection-cleanup" daemon [_thread_blocked, id=1408, stack(0x000000b529300000,0x000000b529400000)]
  0x000001c3dc785b30 JavaThread "Live Reload Server" daemon [_thread_in_native, id=6980, stack(0x000000b529900000,0x000000b529a00000)]
  0x000001c3df4d93d0 JavaThread "DestroyJavaVM" [_thread_blocked, id=7740, stack(0x000000b526e00000,0x000000b526f00000)]
  0x000001c3df4d5a10 JavaThread "Thread-5" [_thread_blocked, id=1732, stack(0x000000b526c00000,0x000000b526d00000)]
  0x000001c3df4d98a0 JavaThread "HikariPool-1 connection closer" daemon [_thread_blocked, id=8964, stack(0x000000b526d00000,0x000000b526e00000)]

Other Threads:
=>0x000001c3d9860480 VMThread "VM Thread" [stack: 0x000000b527400000,0x000000b527500000] [id=3976]
  0x000001c3dab3c2f0 WatcherThread [stack: 0x000000b528500000,0x000000b528600000] [id=4772]
  0x000001c3cc8d4350 GCTaskThread "GC Thread#0" [stack: 0x000000b526f00000,0x000000b527000000] [id=8128]
  0x000001c3dac727f0 GCTaskThread "GC Thread#1" [stack: 0x000000b528900000,0x000000b528a00000] [id=8572]
  0x000001c3daca7760 GCTaskThread "GC Thread#2" [stack: 0x000000b528a00000,0x000000b528b00000] [id=3180]
  0x000001c3dacf2720 GCTaskThread "GC Thread#3" [stack: 0x000000b528b00000,0x000000b528c00000] [id=1244]
  0x000001c3cc8e4830 ConcurrentGCThread "G1 Main Marker" [stack: 0x000000b527000000,0x000000b527100000] [id=4164]
  0x000001c3cc8e5240 ConcurrentGCThread "G1 Conc#0" [stack: 0x000000b527100000,0x000000b527200000] [id=1440]
  0x000001c3cc94db20 ConcurrentGCThread "G1 Refine#0" [stack: 0x000000b527200000,0x000000b527300000] [id=4080]
  0x000001c3dacc9e90 ConcurrentGCThread "G1 Refine#1" [stack: 0x000000b528c00000,0x000000b528d00000] [id=8768]
  0x000001c3cc94e150 ConcurrentGCThread "G1 Service" [stack: 0x000000b527300000,0x000000b527400000] [id=7396]

Threads with active compile tasks:

VM state: at safepoint (normal execution)

VM Mutex/Monitor currently owned by a thread:  ([mutex/lock_event])
[0x000001c3cc877400] Threads_lock - owner thread: 0x000001c3d9860480
[0x000001c3cc876b90] Heap_lock - owner thread: 0x000001c3df4d5a10

Heap address: 0x0000000089000000, size: 1904 MB, Compressed Oops mode: 32-bit

CDS archive(s) not mapped
Compressed class space mapped at: 0x0000000100000000-0x0000000140000000, reserved size: 1073741824
Narrow klass base: 0x0000000000000000, Narrow klass shift: 3, Narrow klass range: 0x140000000

GC Precious Log:
 CPUs: 4 total, 4 available
 Memory: 7610M
 Large Page Support: Disabled
 NUMA Support: Disabled
 Compressed Oops: Enabled (32-bit)
 Heap Region Size: 1M
 Heap Min Capacity: 8M
 Heap Initial Capacity: 120M
 Heap Max Capacity: 1904M
 Pre-touch: Disabled
 Parallel Workers: 4
 Concurrent Workers: 1
 Concurrent Refinement Workers: 4
 Periodic GC: Disabled

Heap:
 garbage-first heap   total 78848K, used 40079K [0x0000000089000000, 0x0000000100000000)
  region size 1024K, 12 young (12288K), 2 survivors (2048K)
 Metaspace       used 69980K, committed 70464K, reserved 1114112K
  class space    used 9426K, committed 9664K, reserved 1048576K

Heap Regions: E=young(eden), S=young(survivor), O=old, HS=humongous(starts), HC=humongous(continues), CS=collection set, F=free, OA=open archive, CA=closed archive, TAMS=top-at-mark-start (previous, next)
|   0|0x0000000089000000, 0x0000000089100000, 0x0000000089100000|100%|HS|  |TAMS 0x0000000089100000, 0x0000000089000000| Complete 
|   1|0x0000000089100000, 0x0000000089200000, 0x0000000089200000|100%| O|  |TAMS 0x0000000089200000, 0x0000000089100000| Untracked 
|   2|0x0000000089200000, 0x0000000089300000, 0x0000000089300000|100%| O|  |TAMS 0x0000000089300000, 0x0000000089200000| Untracked 
|   3|0x0000000089300000, 0x0000000089400000, 0x0000000089400000|100%| O|  |TAMS 0x0000000089400000, 0x0000000089300000| Untracked 
|   4|0x0000000089400000, 0x0000000089500000, 0x0000000089500000|100%| O|  |TAMS 0x0000000089500000, 0x0000000089400000| Untracked 
|   5|0x0000000089500000, 0x0000000089600000, 0x0000000089600000|100%| O|  |TAMS 0x0000000089600000, 0x0000000089500000| Untracked 
|   6|0x0000000089600000, 0x0000000089700000, 0x0000000089700000|100%| O|  |TAMS 0x0000000089700000, 0x0000000089600000| Untracked 
|   7|0x0000000089700000, 0x0000000089800000, 0x0000000089800000|100%| O|  |TAMS 0x0000000089800000, 0x0000000089700000| Untracked 
|   8|0x0000000089800000, 0x0000000089900000, 0x0000000089900000|100%| O|  |TAMS 0x0000000089900000, 0x0000000089800000| Untracked 
|   9|0x0000000089900000, 0x0000000089a00000, 0x0000000089a00000|100%| O|  |TAMS 0x0000000089a00000, 0x0000000089900000| Untracked 
|  10|0x0000000089a00000, 0x0000000089a51400, 0x0000000089b00000| 31%| O|  |TAMS 0x0000000089a51400, 0x0000000089a00000| Untracked 
|  11|0x0000000089b00000, 0x0000000089c00000, 0x0000000089c00000|100%| O|  |TAMS 0x0000000089c00000, 0x0000000089b00000| Untracked 
|  12|0x0000000089c00000, 0x0000000089d00000, 0x0000000089d00000|100%| O|  |TAMS 0x0000000089d00000, 0x0000000089c00000| Untracked 
|  13|0x0000000089d00000, 0x0000000089e00000, 0x0000000089e00000|100%| O|  |TAMS 0x0000000089e00000, 0x0000000089d00000| Untracked 
|  14|0x0000000089e00000, 0x0000000089f00000, 0x0000000089f00000|100%| O|  |TAMS 0x0000000089f00000, 0x0000000089e00000| Untracked 
|  15|0x0000000089f00000, 0x000000008a000000, 0x000000008a000000|100%| O|  |TAMS 0x000000008a000000, 0x0000000089f00000| Untracked 
|  16|0x000000008a000000, 0x000000008a100000, 0x000000008a100000|100%| O|  |TAMS 0x000000008a100000, 0x000000008a000000| Untracked 
|  17|0x000000008a100000, 0x000000008a200000, 0x000000008a200000|100%| O|  |TAMS 0x000000008a200000, 0x000000008a100000| Untracked 
|  18|0x000000008a200000, 0x000000008a300000, 0x000000008a300000|100%| O|  |TAMS 0x000000008a300000, 0x000000008a200000| Untracked 
|  19|0x000000008a300000, 0x000000008a400000, 0x000000008a400000|100%| O|  |TAMS 0x000000008a347200, 0x000000008a300000| Untracked 
|  20|0x000000008a400000, 0x000000008a500000, 0x000000008a500000|100%| O|  |TAMS 0x000000008a400000, 0x000000008a400000| Untracked 
|  21|0x000000008a500000, 0x000000008a600000, 0x000000008a600000|100%| O|  |TAMS 0x000000008a500000, 0x000000008a500000| Untracked 
|  22|0x000000008a600000, 0x000000008a700000, 0x000000008a700000|100%| O|  |TAMS 0x000000008a600000, 0x000000008a600000| Untracked 
|  23|0x000000008a700000, 0x000000008a800000, 0x000000008a800000|100%| O|  |TAMS 0x000000008a700000, 0x000000008a700000| Untracked 
|  24|0x000000008a800000, 0x000000008a900000, 0x000000008a900000|100%| O|  |TAMS 0x000000008a800000, 0x000000008a800000| Untracked 
|  25|0x000000008a900000, 0x000000008aa00000, 0x000000008aa00000|100%| O|  |TAMS 0x000000008a900000, 0x000000008a900000| Untracked 
|  26|0x000000008aa00000, 0x000000008ab00000, 0x000000008ab00000|100%| O|  |TAMS 0x000000008aa00000, 0x000000008aa00000| Untracked 
|  27|0x000000008ab00000, 0x000000008ac00000, 0x000000008ac00000|100%| O|  |TAMS 0x000000008ab00000, 0x000000008ab00000| Untracked 
|  28|0x000000008ac00000, 0x000000008ad00000, 0x000000008ad00000|100%| O|  |TAMS 0x000000008ac00000, 0x000000008ac00000| Untracked 
|  29|0x000000008ad00000, 0x000000008ad00000, 0x000000008ae00000|  0%| F|  |TAMS 0x000000008ad00000, 0x000000008ad00000| Untracked 
|  30|0x000000008ae00000, 0x000000008ae00000, 0x000000008af00000|  0%| F|  |TAMS 0x000000008ae00000, 0x000000008ae00000| Untracked 
|  31|0x000000008af00000, 0x000000008af00000, 0x000000008b000000|  0%| F|  |TAMS 0x000000008af00000, 0x000000008af00000| Untracked 
|  32|0x000000008b000000, 0x000000008b000000, 0x000000008b100000|  0%| F|  |TAMS 0x000000008b000000, 0x000000008b000000| Untracked 
|  33|0x000000008b100000, 0x000000008b100000, 0x000000008b200000|  0%| F|  |TAMS 0x000000008b100000, 0x000000008b100000| Untracked 
|  34|0x000000008b200000, 0x000000008b200000, 0x000000008b300000|  0%| F|  |TAMS 0x000000008b200000, 0x000000008b200000| Untracked 
|  35|0x000000008b300000, 0x000000008b300000, 0x000000008b400000|  0%| F|  |TAMS 0x000000008b300000, 0x000000008b300000| Untracked 
|  36|0x000000008b400000, 0x000000008b400000, 0x000000008b500000|  0%| F|  |TAMS 0x000000008b400000, 0x000000008b400000| Untracked 
|  37|0x000000008b500000, 0x000000008b500000, 0x000000008b600000|  0%| F|  |TAMS 0x000000008b500000, 0x000000008b500000| Untracked 
|  38|0x000000008b600000, 0x000000008b6d29a0, 0x000000008b700000| 82%| S|CS|TAMS 0x000000008b600000, 0x000000008b600000| Complete 
|  39|0x000000008b700000, 0x000000008b700000, 0x000000008b800000|  0%| F|  |TAMS 0x000000008b700000, 0x000000008b700000| Untracked 
|  40|0x000000008b800000, 0x000000008b900000, 0x000000008b900000|100%| S|CS|TAMS 0x000000008b800000, 0x000000008b800000| Complete 
|  41|0x000000008b900000, 0x000000008b900000, 0x000000008ba00000|  0%| F|  |TAMS 0x000000008b900000, 0x000000008b900000| Untracked 
|  42|0x000000008ba00000, 0x000000008ba00000, 0x000000008bb00000|  0%| F|  |TAMS 0x000000008ba00000, 0x000000008ba00000| Untracked 
|  43|0x000000008bb00000, 0x000000008bb00000, 0x000000008bc00000|  0%| F|  |TAMS 0x000000008bb00000, 0x000000008bb00000| Untracked 
|  44|0x000000008bc00000, 0x000000008bc00000, 0x000000008bd00000|  0%| F|  |TAMS 0x000000008bc00000, 0x000000008bc00000| Untracked 
|  45|0x000000008bd00000, 0x000000008bd00000, 0x000000008be00000|  0%| F|  |TAMS 0x000000008bd00000, 0x000000008bd00000| Untracked 
|  46|0x000000008be00000, 0x000000008be00000, 0x000000008bf00000|  0%| F|  |TAMS 0x000000008be00000, 0x000000008be00000| Untracked 
|  47|0x000000008bf00000, 0x000000008bf00000, 0x000000008c000000|  0%| F|  |TAMS 0x000000008bf00000, 0x000000008bf00000| Untracked 
|  48|0x000000008c000000, 0x000000008c000000, 0x000000008c100000|  0%| F|  |TAMS 0x000000008c000000, 0x000000008c000000| Untracked 
|  49|0x000000008c100000, 0x000000008c100000, 0x000000008c200000|  0%| F|  |TAMS 0x000000008c100000, 0x000000008c100000| Untracked 
|  50|0x000000008c200000, 0x000000008c200000, 0x000000008c300000|  0%| F|  |TAMS 0x000000008c200000, 0x000000008c200000| Untracked 
|  51|0x000000008c300000, 0x000000008c300000, 0x000000008c400000|  0%| F|  |TAMS 0x000000008c300000, 0x000000008c300000| Untracked 
|  52|0x000000008c400000, 0x000000008c400000, 0x000000008c500000|  0%| F|  |TAMS 0x000000008c400000, 0x000000008c400000| Untracked 
|  53|0x000000008c500000, 0x000000008c500000, 0x000000008c600000|  0%| F|  |TAMS 0x000000008c500000, 0x000000008c500000| Untracked 
|  54|0x000000008c600000, 0x000000008c600000, 0x000000008c700000|  0%| F|  |TAMS 0x000000008c600000, 0x000000008c600000| Untracked 
|  55|0x000000008c700000, 0x000000008c700000, 0x000000008c800000|  0%| F|  |TAMS 0x000000008c700000, 0x000000008c700000| Untracked 
|  56|0x000000008c800000, 0x000000008c800000, 0x000000008c900000|  0%| F|  |TAMS 0x000000008c800000, 0x000000008c800000| Untracked 
|  57|0x000000008c900000, 0x000000008c900000, 0x000000008ca00000|  0%| F|  |TAMS 0x000000008c900000, 0x000000008c900000| Untracked 
|  58|0x000000008ca00000, 0x000000008ca00000, 0x000000008cb00000|  0%| F|  |TAMS 0x000000008ca00000, 0x000000008ca00000| Untracked 
|  59|0x000000008cb00000, 0x000000008cb00000, 0x000000008cc00000|  0%| F|  |TAMS 0x000000008cb00000, 0x000000008cb00000| Untracked 
|  60|0x000000008cc00000, 0x000000008cc00000, 0x000000008cd00000|  0%| F|  |TAMS 0x000000008cc00000, 0x000000008cc00000| Untracked 
|  61|0x000000008cd00000, 0x000000008cd00000, 0x000000008ce00000|  0%| F|  |TAMS 0x000000008cd00000, 0x000000008cd00000| Untracked 
|  62|0x000000008ce00000, 0x000000008ce00000, 0x000000008cf00000|  0%| F|  |TAMS 0x000000008ce00000, 0x000000008ce00000| Untracked 
|  63|0x000000008cf00000, 0x000000008cf00000, 0x000000008d000000|  0%| F|  |TAMS 0x000000008cf00000, 0x000000008cf00000| Untracked 
|  64|0x000000008d000000, 0x000000008d000000, 0x000000008d100000|  0%| F|  |TAMS 0x000000008d000000, 0x000000008d000000| Untracked 
|  65|0x000000008d100000, 0x000000008d100000, 0x000000008d200000|  0%| F|  |TAMS 0x000000008d100000, 0x000000008d100000| Untracked 
|  66|0x000000008d200000, 0x000000008d200000, 0x000000008d300000|  0%| F|  |TAMS 0x000000008d200000, 0x000000008d200000| Untracked 
|  67|0x000000008d300000, 0x000000008d37f420, 0x000000008d400000| 49%| E|  |TAMS 0x000000008d300000, 0x000000008d300000| Complete 
|  68|0x000000008d400000, 0x000000008d500000, 0x000000008d500000|100%| E|CS|TAMS 0x000000008d400000, 0x000000008d400000| Complete 
|  69|0x000000008d500000, 0x000000008d600000, 0x000000008d600000|100%| E|CS|TAMS 0x000000008d500000, 0x000000008d500000| Complete 
|  70|0x000000008d600000, 0x000000008d700000, 0x000000008d700000|100%| E|CS|TAMS 0x000000008d600000, 0x000000008d600000| Complete 
|  71|0x000000008d700000, 0x000000008d800000, 0x000000008d800000|100%| E|CS|TAMS 0x000000008d700000, 0x000000008d700000| Complete 
|  72|0x000000008d800000, 0x000000008d900000, 0x000000008d900000|100%| E|CS|TAMS 0x000000008d800000, 0x000000008d800000| Complete 
|  73|0x000000008d900000, 0x000000008da00000, 0x000000008da00000|100%| E|CS|TAMS 0x000000008d900000, 0x000000008d900000| Complete 
|  74|0x000000008da00000, 0x000000008db00000, 0x000000008db00000|100%| E|CS|TAMS 0x000000008da00000, 0x000000008da00000| Complete 
| 113|0x0000000090100000, 0x0000000090200000, 0x0000000090200000|100%| E|CS|TAMS 0x0000000090100000, 0x0000000090100000| Complete 
| 119|0x0000000090700000, 0x0000000090800000, 0x0000000090800000|100%| E|CS|TAMS 0x0000000090700000, 0x0000000090700000| Complete 

Card table byte_map: [0x000001c3d3300000,0x000001c3d36c0000] _byte_map_base: 0x000001c3d2eb8000

Marking Bits (Prev, Next): (CMBitMap*) 0x000001c3cc8d49a0, (CMBitMap*) 0x000001c3cc8d4960
 Prev Bits: [0x000001c3d5840000, 0x000001c3d7600000)
 Next Bits: [0x000001c3d3a80000, 0x000001c3d5840000)

Polling page: 0x000001c3ca740000

Metaspace:

Usage:
  Non-class:     59.13 MB used.
      Class:      9.21 MB used.
       Both:     68.34 MB used.

Virtual space:
  Non-class space:       64.00 MB reserved,      59.38 MB ( 93%) committed,  8 nodes.
      Class space:        1.00 GB reserved,       9.44 MB ( <1%) committed,  1 nodes.
             Both:        1.06 GB reserved,      68.81 MB (  6%) committed. 

Chunk freelists:
   Non-Class:  350.00 KB
       Class:  2.61 MB
        Both:  2.95 MB

MaxMetaspaceSize: unlimited
CompressedClassSpaceSize: 1.00 GB
Initial GC threshold: 21.00 MB
Current GC threshold: 99.19 MB
CDS: off
MetaspaceReclaimPolicy: balanced
 - commit_granule_bytes: 65536.
 - commit_granule_words: 8192.
 - virtual_space_node_default_size: 1048576.
 - enlarge_chunks_in_place: 1.
 - new_chunks_are_fully_committed: 0.
 - uncommit_free_chunks: 1.
 - use_allocation_guard: 0.
 - handle_deallocations: 1.


Internal statistics:

num_allocs_failed_limit: 11.
num_arena_births: 586.
num_arena_deaths: 0.
num_vsnodes_births: 9.
num_vsnodes_deaths: 0.
num_space_committed: 1101.
num_space_uncommitted: 0.
num_chunks_returned_to_freelist: 11.
num_chunks_taken_from_freelist: 2735.
num_chunk_merges: 8.
num_chunk_splits: 1946.
num_chunks_enlarged: 1490.
num_purges: 0.
num_inconsistent_stats: 0.

CodeCache: size=49152Kb used=11301Kb max_used=12254Kb free=37850Kb
 bounds [0x000001c3cff40000, 0x000001c3d0b50000, 0x000001c3d2f40000]
 total_blobs=7010 nmethods=6335 adapters=602
 compilation: enabled
              stopped_count=0, restarted_count=0
 full_count=0

Compilation events (20 events):
Event: 2006.699 Thread 0x000001c3d98f1ac0 6326       1       java.lang.Throwable::getMessage (5 bytes)
Event: 2006.699 Thread 0x000001c3d98f1ac0 nmethod 6326 0x000001c3d0b3a590 code [0x000001c3d0b3a720, 0x000001c3d0b3a7f8]
Event: 2006.699 Thread 0x000001c3d98f1ac0 6327       1       java.net.Socket::isInputShutdown (5 bytes)
Event: 2006.699 Thread 0x000001c3d98f1ac0 nmethod 6327 0x000001c3d0b3a290 code [0x000001c3d0b3a420, 0x000001c3d0b3a4f8]
Event: 2006.699 Thread 0x000001c3d98f1ac0 6328       1       java.util.Formatter$FixedString::<init> (26 bytes)
Event: 2006.699 Thread 0x000001c3d98f1ac0 nmethod 6328 0x000001c3d0b39f10 code [0x000001c3d0b3a0a0, 0x000001c3d0b3a1f8]
Event: 2006.699 Thread 0x000001c3d98f1ac0 6329       1       java.util.Formatter$FixedString::print (26 bytes)
Event: 2006.700 Thread 0x000001c3d98f1ac0 nmethod 6329 0x000001c3d0b39b90 code [0x000001c3d0b39d20, 0x000001c3d0b39e28]
Event: 2006.700 Thread 0x000001c3d98f1ac0 6330       1       java.lang.StringBuilder::append (8 bytes)
Event: 2006.700 Thread 0x000001c3d98f1ac0 nmethod 6330 0x000001c3d0b39890 code [0x000001c3d0b39a20, 0x000001c3d0b39b08]
Event: 2006.700 Thread 0x000001c3d98f1ac0 6331       1       sun.security.ssl.TransportContext::isOutboundClosed (8 bytes)
Event: 2006.700 Thread 0x000001c3d98f1ac0 nmethod 6331 0x000001c3d0b39590 code [0x000001c3d0b39720, 0x000001c3d0b397f8]
Event: 2006.702 Thread 0x000001c3d98f1ac0 6332       1       java.util.Formatter$Conversion::isText (34 bytes)
Event: 2006.702 Thread 0x000001c3d98f1ac0 nmethod 6332 0x000001c3d0b39290 code [0x000001c3d0b39420, 0x000001c3d0b394f8]
Event: 2006.702 Thread 0x000001c3d98f1ac0 6333       1       java.util.Formatter$FormatSpecifier::print (230 bytes)
Event: 2006.703 Thread 0x000001c3d98f1ac0 nmethod 6333 0x000001c3d0b38a10 code [0x000001c3d0b38c60, 0x000001c3d0b390e8]
Event: 2006.703 Thread 0x000001c3d98f1ac0 6334       1       java.util.Formatter$FormatSpecifier::appendJustified (91 bytes)
Event: 2006.704 Thread 0x000001c3d98f1ac0 nmethod 6334 0x000001c3d0b38410 code [0x000001c3d0b38600, 0x000001c3d0b38868]
Event: 2006.704 Thread 0x000001c3d98f1ac0 6335       1       java.lang.StringBuilder::append (6 bytes)
Event: 2006.704 Thread 0x000001c3d98f1ac0 nmethod 6335 0x000001c3d0b38110 code [0x000001c3d0b382a0, 0x000001c3d0b38388]

GC Heap History (20 events):
Event: 8.141 GC heap before
{Heap before GC invocations=15 (full 0):
 garbage-first heap   total 65536K, used 48611K [0x0000000089000000, 0x0000000100000000)
  region size 1024K, 29 young (29696K), 2 survivors (2048K)
 Metaspace       used 57137K, committed 57536K, reserved 1105920K
  class space    used 7638K, committed 7808K, reserved 1048576K
}
Event: 8.150 GC heap after
{Heap after GC invocations=16 (full 0):
 garbage-first heap   total 65536K, used 22113K [0x0000000089000000, 0x0000000100000000)
  region size 1024K, 3 young (3072K), 3 survivors (3072K)
 Metaspace       used 57137K, committed 57536K, reserved 1105920K
  class space    used 7638K, committed 7808K, reserved 1048576K
}
Event: 8.706 GC heap before
{Heap before GC invocations=16 (full 0):
 garbage-first heap   total 65536K, used 45665K [0x0000000089000000, 0x0000000100000000)
  region size 1024K, 28 young (28672K), 3 survivors (3072K)
 Metaspace       used 60371K, committed 60736K, reserved 1105920K
  class space    used 8111K, committed 8320K, reserved 1048576K
}
Event: 8.715 GC heap after
{Heap after GC invocations=17 (full 0):
 garbage-first heap   total 65536K, used 23828K [0x0000000089000000, 0x0000000100000000)
  region size 1024K, 4 young (4096K), 4 survivors (4096K)
 Metaspace       used 60371K, committed 60736K, reserved 1105920K
  class space    used 8111K, committed 8320K, reserved 1048576K
}
Event: 9.384 GC heap before
{Heap before GC invocations=18 (full 0):
 garbage-first heap   total 65536K, used 50452K [0x0000000089000000, 0x0000000100000000)
  region size 1024K, 30 young (30720K), 4 survivors (4096K)
 Metaspace       used 62521K, committed 62976K, reserved 1105920K
  class space    used 8456K, committed 8640K, reserved 1048576K
}
Event: 9.394 GC heap after
{Heap after GC invocations=19 (full 0):
 garbage-first heap   total 65536K, used 26254K [0x0000000089000000, 0x0000000100000000)
  region size 1024K, 4 young (4096K), 4 survivors (4096K)
 Metaspace       used 62521K, committed 62976K, reserved 1105920K
  class space    used 8456K, committed 8640K, reserved 1048576K
}
Event: 26.710 GC heap before
{Heap before GC invocations=19 (full 0):
 garbage-first heap   total 65536K, used 49806K [0x0000000089000000, 0x0000000100000000)
  region size 1024K, 28 young (28672K), 4 survivors (4096K)
 Metaspace       used 66991K, committed 67456K, reserved 1114112K
  class space    used 9052K, committed 9280K, reserved 1048576K
}
Event: 26.722 GC heap after
{Heap after GC invocations=20 (full 0):
 garbage-first heap   total 78848K, used 29166K [0x0000000089000000, 0x0000000100000000)
  region size 1024K, 4 young (4096K), 4 survivors (4096K)
 Metaspace       used 66991K, committed 67456K, reserved 1114112K
  class space    used 9052K, committed 9280K, reserved 1048576K
}
Event: 259.302 GC heap before
{Heap before GC invocations=20 (full 0):
 garbage-first heap   total 78848K, used 60910K [0x0000000089000000, 0x0000000100000000)
  region size 1024K, 35 young (35840K), 4 survivors (4096K)
 Metaspace       used 69691K, committed 70208K, reserved 1114112K
  class space    used 9378K, committed 9600K, reserved 1048576K
}
Event: 259.308 GC heap after
{Heap after GC invocations=21 (full 0):
 garbage-first heap   total 78848K, used 30505K [0x0000000089000000, 0x0000000100000000)
  region size 1024K, 2 young (2048K), 2 survivors (2048K)
 Metaspace       used 69691K, committed 70208K, reserved 1114112K
  class space    used 9378K, committed 9600K, reserved 1048576K
}
Event: 624.233 GC heap before
{Heap before GC invocations=21 (full 0):
 garbage-first heap   total 78848K, used 61225K [0x0000000089000000, 0x0000000100000000)
  region size 1024K, 32 young (32768K), 2 survivors (2048K)
 Metaspace       used 69691K, committed 70208K, reserved 1114112K
  class space    used 9378K, committed 9600K, reserved 1048576K
}
Event: 624.236 GC heap after
{Heap after GC invocations=22 (full 0):
 garbage-first heap   total 78848K, used 30114K [0x0000000089000000, 0x0000000100000000)
  region size 1024K, 2 young (2048K), 2 survivors (2048K)
 Metaspace       used 69691K, committed 70208K, reserved 1114112K
  class space    used 9378K, committed 9600K, reserved 1048576K
}
Event: 1015.975 GC heap before
{Heap before GC invocations=22 (full 0):
 garbage-first heap   total 78848K, used 62882K [0x0000000089000000, 0x0000000100000000)
  region size 1024K, 34 young (34816K), 2 survivors (2048K)
 Metaspace       used 69693K, committed 70208K, reserved 1114112K
  class space    used 9379K, committed 9600K, reserved 1048576K
}
Event: 1015.979 GC heap after
{Heap after GC invocations=23 (full 0):
 garbage-first heap   total 78848K, used 30130K [0x0000000089000000, 0x0000000100000000)
  region size 1024K, 2 young (2048K), 2 survivors (2048K)
 Metaspace       used 69693K, committed 70208K, reserved 1114112K
  class space    used 9379K, committed 9600K, reserved 1048576K
}
Event: 1346.156 GC heap before
{Heap before GC invocations=23 (full 0):
 garbage-first heap   total 78848K, used 63922K [0x0000000089000000, 0x0000000100000000)
  region size 1024K, 35 young (35840K), 2 survivors (2048K)
 Metaspace       used 69719K, committed 70208K, reserved 1114112K
  class space    used 9382K, committed 9600K, reserved 1048576K
}
Event: 1346.159 GC heap after
{Heap after GC invocations=24 (full 0):
 garbage-first heap   total 78848K, used 30212K [0x0000000089000000, 0x0000000100000000)
  region size 1024K, 2 young (2048K), 2 survivors (2048K)
 Metaspace       used 69719K, committed 70208K, reserved 1114112K
  class space    used 9382K, committed 9600K, reserved 1048576K
}
Event: 1696.556 GC heap before
{Heap before GC invocations=24 (full 0):
 garbage-first heap   total 78848K, used 65028K [0x0000000089000000, 0x0000000100000000)
  region size 1024K, 36 young (36864K), 2 survivors (2048K)
 Metaspace       used 69719K, committed 70208K, reserved 1114112K
  class space    used 9382K, committed 9600K, reserved 1048576K
}
Event: 1696.559 GC heap after
{Heap after GC invocations=25 (full 0):
 garbage-first heap   total 78848K, used 30215K [0x0000000089000000, 0x0000000100000000)
  region size 1024K, 2 young (2048K), 2 survivors (2048K)
 Metaspace       used 69719K, committed 70208K, reserved 1114112K
  class space    used 9382K, committed 9600K, reserved 1048576K
}
Event: 1916.664 GC heap before
{Heap before GC invocations=25 (full 0):
 garbage-first heap   total 78848K, used 66055K [0x0000000089000000, 0x0000000100000000)
  region size 1024K, 37 young (37888K), 2 survivors (2048K)
 Metaspace       used 69888K, committed 70336K, reserved 1114112K
  class space    used 9406K, committed 9600K, reserved 1048576K
}
Event: 1916.668 GC heap after
{Heap after GC invocations=26 (full 0):
 garbage-first heap   total 78848K, used 30863K [0x0000000089000000, 0x0000000100000000)
  region size 1024K, 2 young (2048K), 2 survivors (2048K)
 Metaspace       used 69888K, committed 70336K, reserved 1114112K
  class space    used 9406K, committed 9600K, reserved 1048576K
}

Deoptimization events (8 events):
Event: 2.533 Thread 0x000001c3d9908760 DEOPT PACKING pc=0x000001c3d047a419 sp=0x000000b528ffc920
Event: 2.533 Thread 0x000001c3d9908760 DEOPT UNPACKING pc=0x000001c3cff92b43 sp=0x000000b528ffbe00 mode 3
Event: 2.850 Thread 0x000001c3d9908760 DEOPT PACKING pc=0x000001c3d035e8fd sp=0x000000b528ffd840
Event: 2.850 Thread 0x000001c3d9908760 DEOPT UNPACKING pc=0x000001c3cff92b43 sp=0x000000b528ffcda8 mode 3
Event: 3.784 Thread 0x000001c3d9908760 DEOPT PACKING pc=0x000001c3d049c314 sp=0x000000b528ffce10
Event: 3.784 Thread 0x000001c3d9908760 DEOPT UNPACKING pc=0x000001c3cff92b43 sp=0x000000b528ffc368 mode 0
Event: 8.624 Thread 0x000001c3d9908760 DEOPT PACKING pc=0x000001c3d048fac2 sp=0x000000b528ffd400
Event: 8.624 Thread 0x000001c3d9908760 DEOPT UNPACKING pc=0x000001c3cff92b43 sp=0x000000b528ffc908 mode 3

Classes unloaded (0 events):
No events

Classes redefined (0 events):
No events

Internal exceptions (20 events):
Event: 2006.683 Thread 0x000001c3df4d98a0 Exception <a 'java/io/IOException'{0x000000008d34bbc0}> (0x000000008d34bbc0) 
thrown [s\src\hotspot\share\prims\jni.cpp, line 516]
Event: 2006.683 Thread 0x000001c3df4d98a0 Exception <a 'java/io/IOException'{0x000000008d34c700}> (0x000000008d34c700) 
thrown [s\src\hotspot\share\prims\jni.cpp, line 516]
Event: 2006.686 Thread 0x000001c3df4d98a0 Exception <a 'java/io/IOException'{0x000000008d34ef68}> (0x000000008d34ef68) 
thrown [s\src\hotspot\share\prims\jni.cpp, line 516]
Event: 2006.686 Thread 0x000001c3df4d98a0 Exception <a 'java/io/IOException'{0x000000008d34faa8}> (0x000000008d34faa8) 
thrown [s\src\hotspot\share\prims\jni.cpp, line 516]
Event: 2006.689 Thread 0x000001c3df4d98a0 Exception <a 'java/io/IOException'{0x000000008d352310}> (0x000000008d352310) 
thrown [s\src\hotspot\share\prims\jni.cpp, line 516]
Event: 2006.689 Thread 0x000001c3df4d98a0 Exception <a 'java/io/IOException'{0x000000008d352e50}> (0x000000008d352e50) 
thrown [s\src\hotspot\share\prims\jni.cpp, line 516]
Event: 2006.691 Thread 0x000001c3df4d98a0 Exception <a 'java/io/IOException'{0x000000008d3556e8}> (0x000000008d3556e8) 
thrown [s\src\hotspot\share\prims\jni.cpp, line 516]
Event: 2006.691 Thread 0x000001c3df4d98a0 Exception <a 'java/io/IOException'{0x000000008d356228}> (0x000000008d356228) 
thrown [s\src\hotspot\share\prims\jni.cpp, line 516]
Event: 2006.695 Thread 0x000001c3df4d98a0 Exception <a 'java/io/IOException'{0x000000008d358a90}> (0x000000008d358a90) 
thrown [s\src\hotspot\share\prims\jni.cpp, line 516]
Event: 2006.695 Thread 0x000001c3df4d98a0 Exception <a 'java/io/IOException'{0x000000008d3595d0}> (0x000000008d3595d0) 
thrown [s\src\hotspot\share\prims\jni.cpp, line 516]
Event: 2006.697 Thread 0x000001c3df4d98a0 Exception <a 'java/io/IOException'{0x000000008d35be38}> (0x000000008d35be38) 
thrown [s\src\hotspot\share\prims\jni.cpp, line 516]
Event: 2006.697 Thread 0x000001c3df4d98a0 Exception <a 'java/io/IOException'{0x000000008d35c978}> (0x000000008d35c978) 
thrown [s\src\hotspot\share\prims\jni.cpp, line 516]
Event: 2006.698 Thread 0x000001c3df4d98a0 Exception <a 'java/io/IOException'{0x000000008d35f1e0}> (0x000000008d35f1e0) 
thrown [s\src\hotspot\share\prims\jni.cpp, line 516]
Event: 2006.698 Thread 0x000001c3df4d98a0 Exception <a 'java/io/IOException'{0x000000008d35fd90}> (0x000000008d35fd90) 
thrown [s\src\hotspot\share\prims\jni.cpp, line 516]
Event: 2006.699 Thread 0x000001c3df4d98a0 Exception <a 'java/io/IOException'{0x000000008d3625f8}> (0x000000008d3625f8) 
thrown [s\src\hotspot\share\prims\jni.cpp, line 516]
Event: 2006.699 Thread 0x000001c3df4d98a0 Exception <a 'java/io/IOException'{0x000000008d363138}> (0x000000008d363138) 
thrown [s\src\hotspot\share\prims\jni.cpp, line 516]
Event: 2006.700 Thread 0x000001c3df4d98a0 Exception <a 'java/io/IOException'{0x000000008d3659a0}> (0x000000008d3659a0) 
thrown [s\src\hotspot\share\prims\jni.cpp, line 516]
Event: 2006.700 Thread 0x000001c3df4d98a0 Exception <a 'java/io/IOException'{0x000000008d3664e0}> (0x000000008d3664e0) 
thrown [s\src\hotspot\share\prims\jni.cpp, line 516]
Event: 2006.701 Thread 0x000001c3df4d98a0 Exception <a 'java/io/IOException'{0x000000008d368d48}> (0x000000008d368d48) 
thrown [s\src\hotspot\share\prims\jni.cpp, line 516]
Event: 2006.702 Thread 0x000001c3df4d98a0 Exception <a 'java/io/IOException'{0x000000008d369888}> (0x000000008d369888) 
thrown [s\src\hotspot\share\prims\jni.cpp, line 516]

VM Operations (20 events):
Event: 1719.681 Executing VM operation: Cleanup done
Event: 1766.978 Executing VM operation: Cleanup
Event: 1766.978 Executing VM operation: Cleanup done
Event: 1773.013 Executing VM operation: Cleanup
Event: 1773.013 Executing VM operation: Cleanup done
Event: 1783.086 Executing VM operation: Cleanup
Event: 1783.087 Executing VM operation: Cleanup done
Event: 1786.105 Executing VM operation: Cleanup
Event: 1786.105 Executing VM operation: Cleanup done
Event: 1792.129 Executing VM operation: Cleanup
Event: 1792.129 Executing VM operation: Cleanup done
Event: 1798.193 Executing VM operation: Cleanup
Event: 1798.193 Executing VM operation: Cleanup done
Event: 1804.227 Executing VM operation: Cleanup
Event: 1804.228 Executing VM operation: Cleanup done
Event: 1916.664 Executing VM operation: G1CollectForAllocation
Event: 1916.668 Executing VM operation: G1CollectForAllocation done
Event: 2006.388 Executing VM operation: Cleanup
Event: 2006.388 Executing VM operation: Cleanup done
Event: 2006.704 Executing VM operation: G1CollectFull

Events (20 events):
Event: 2006.662 Thread 0x000001c3dc787810 Thread exited: 0x000001c3dc787810
Event: 2006.662 Thread 0x000001c3dc787ce0 Thread exited: 0x000001c3dc787ce0
Event: 2006.662 Thread 0x000001c3df4d8f00 Thread exited: 0x000001c3df4d8f00
Event: 2006.662 Thread 0x000001c3dc7869a0 Thread exited: 0x000001c3dc7869a0
Event: 2006.662 Thread 0x000001c3df4d6880 Thread exited: 0x000001c3df4d6880
Event: 2006.663 Thread 0x000001c3dc7847f0 Thread exited: 0x000001c3dc7847f0
Event: 2006.664 loading class javax/management/ObjectName$PatternProperty
Event: 2006.664 loading class javax/management/ObjectName$PatternProperty done
Event: 2006.670 loading class java/util/AbstractMap$2
Event: 2006.670 loading class java/util/AbstractMap$2 done
Event: 2006.671 loading class java/util/AbstractMap$2$1
Event: 2006.671 loading class java/util/AbstractMap$2$1 done
Event: 2006.677 Thread 0x000001c3dc7881b0 Thread exited: 0x000001c3dc7881b0
Event: 2006.677 loading class jdk/internal/reflect/UnsafeQualifiedObjectFieldAccessorImpl
Event: 2006.677 loading class jdk/internal/reflect/UnsafeQualifiedFieldAccessorImpl
Event: 2006.678 loading class jdk/internal/reflect/UnsafeQualifiedFieldAccessorImpl done
Event: 2006.678 loading class jdk/internal/reflect/UnsafeQualifiedObjectFieldAccessorImpl done
Event: 2006.679 Thread 0x000001c3df4d98a0 Thread added: 0x000001c3df4d98a0
Event: 2006.679 Thread 0x000001c3dc785660 Thread exited: 0x000001c3dc785660
Event: 2006.684 Thread 0x000001c3d9907dc0 Thread exited: 0x000001c3d9907dc0


Dynamic libraries:
0x00007ff61eef0000 - 0x00007ff61eefe000 	C:\Users\ZHEYK RYU KHAN\Juegos\MinTIC\Desarrollo software 3\backend\sts-4.16.0.RELEASE\plugins\org.eclipse.justj.openjdk.hotspot.jre.full.win32.x86_64_17.0.4.v20220903-1038\jre\bin\javaw.exe
0x00007fff26c90000 - 0x00007fff26e85000 	C:\Windows\SYSTEM32\ntdll.dll
0x00007fff26650000 - 0x00007fff2670e000 	C:\Windows\System32\KERNEL32.DLL
0x00007fff24560000 - 0x00007fff24828000 	C:\Windows\System32\KERNELBASE.dll
0x00007fff24950000 - 0x00007fff24a50000 	C:\Windows\System32\ucrtbase.dll
0x00007fff21780000 - 0x00007fff21798000 	C:\Users\ZHEYK RYU KHAN\Juegos\MinTIC\Desarrollo software 3\backend\sts-4.16.0.RELEASE\plugins\org.eclipse.justj.openjdk.hotspot.jre.full.win32.x86_64_17.0.4.v20220903-1038\jre\bin\jli.dll
0x00007fff268c0000 - 0x00007fff26a60000 	C:\Windows\System32\USER32.dll
0x00007fff24530000 - 0x00007fff24552000 	C:\Windows\System32\win32u.dll
0x00007fff26030000 - 0x00007fff2605a000 	C:\Windows\System32\GDI32.dll
0x00007fff243b0000 - 0x00007fff244bb000 	C:\Windows\System32\gdi32full.dll
0x00007fff24830000 - 0x00007fff248cd000 	C:\Windows\System32\msvcp_win.dll
0x00007fff217a0000 - 0x00007fff217b9000 	C:\Users\ZHEYK RYU KHAN\Juegos\MinTIC\Desarrollo software 3\backend\sts-4.16.0.RELEASE\plugins\org.eclipse.justj.openjdk.hotspot.jre.full.win32.x86_64_17.0.4.v20220903-1038\jre\bin\VCRUNTIME140.dll
0x00007fff092f0000 - 0x00007fff0958a000 	C:\Windows\WinSxS\amd64_microsoft.windows.common-controls_6595b64144ccf1df_6.0.19041.1110_none_60b5254171f9507e\COMCTL32.dll
0x00007fff26bb0000 - 0x00007fff26c4e000 	C:\Windows\System32\msvcrt.dll
0x00007fff25570000 - 0x00007fff255a0000 	C:\Windows\System32\IMM32.DLL
0x00007fff21770000 - 0x00007fff2177c000 	C:\Users\ZHEYK RYU KHAN\Juegos\MinTIC\Desarrollo software 3\backend\sts-4.16.0.RELEASE\plugins\org.eclipse.justj.openjdk.hotspot.jre.full.win32.x86_64_17.0.4.v20220903-1038\jre\bin\vcruntime140_1.dll
0x00007fff06560000 - 0x00007fff065f1000 	C:\Users\ZHEYK RYU KHAN\Juegos\MinTIC\Desarrollo software 3\backend\sts-4.16.0.RELEASE\plugins\org.eclipse.justj.openjdk.hotspot.jre.full.win32.x86_64_17.0.4.v20220903-1038\jre\bin\msvcp140.dll
0x00007ffeefee0000 - 0x00007ffef0b26000 	C:\Users\ZHEYK RYU KHAN\Juegos\MinTIC\Desarrollo software 3\backend\sts-4.16.0.RELEASE\plugins\org.eclipse.justj.openjdk.hotspot.jre.full.win32.x86_64_17.0.4.v20220903-1038\jre\bin\server\jvm.dll
0x00007fff25a10000 - 0x00007fff25abe000 	C:\Windows\System32\ADVAPI32.dll
0x00007fff25ac0000 - 0x00007fff25b5c000 	C:\Windows\System32\sechost.dll
0x00007fff26790000 - 0x00007fff268b5000 	C:\Windows\System32\RPCRT4.dll
0x00007fff25df0000 - 0x00007fff25df8000 	C:\Windows\System32\PSAPI.DLL
0x00007fff1f7e0000 - 0x00007fff1f7e9000 	C:\Windows\SYSTEM32\WSOCK32.dll
0x00007fff25ef0000 - 0x00007fff25f5b000 	C:\Windows\System32\WS2_32.dll
0x00007fff16430000 - 0x00007fff16457000 	C:\Windows\SYSTEM32\WINMM.dll
0x00007fff1e510000 - 0x00007fff1e51a000 	C:\Windows\SYSTEM32\VERSION.dll
0x00007fff22c20000 - 0x00007fff22c32000 	C:\Windows\SYSTEM32\kernel.appcore.dll
0x00007fff1f770000 - 0x00007fff1f77a000 	C:\Users\ZHEYK RYU KHAN\Juegos\MinTIC\Desarrollo software 3\backend\sts-4.16.0.RELEASE\plugins\org.eclipse.justj.openjdk.hotspot.jre.full.win32.x86_64_17.0.4.v20220903-1038\jre\bin\jimage.dll
0x00007fff22940000 - 0x00007fff22b24000 	C:\Windows\SYSTEM32\DBGHELP.DLL
0x00007fff113c0000 - 0x00007fff113ec000 	C:\Windows\SYSTEM32\dbgcore.DLL
0x00007fff24a50000 - 0x00007fff24ad2000 	C:\Windows\System32\bcryptPrimitives.dll
0x00007fff1db50000 - 0x00007fff1db75000 	C:\Users\ZHEYK RYU KHAN\Juegos\MinTIC\Desarrollo software 3\backend\sts-4.16.0.RELEASE\plugins\org.eclipse.justj.openjdk.hotspot.jre.full.win32.x86_64_17.0.4.v20220903-1038\jre\bin\java.dll
0x00007fff1f710000 - 0x00007fff1f728000 	C:\Users\ZHEYK RYU KHAN\Juegos\MinTIC\Desarrollo software 3\backend\sts-4.16.0.RELEASE\plugins\org.eclipse.justj.openjdk.hotspot.jre.full.win32.x86_64_17.0.4.v20220903-1038\jre\bin\zip.dll
0x00007fff24e20000 - 0x00007fff25564000 	C:\Windows\System32\SHELL32.dll
0x00007fff220d0000 - 0x00007fff22864000 	C:\Windows\SYSTEM32\windows.storage.dll
0x00007fff256b0000 - 0x00007fff25a04000 	C:\Windows\System32\combase.dll
0x00007fff23c70000 - 0x00007fff23c9c000 	C:\Windows\SYSTEM32\Wldp.dll
0x00007fff25600000 - 0x00007fff256ad000 	C:\Windows\System32\SHCORE.dll
0x00007fff25e00000 - 0x00007fff25e55000 	C:\Windows\System32\shlwapi.dll
0x00007fff242f0000 - 0x00007fff2430f000 	C:\Windows\SYSTEM32\profapi.dll
0x00007fff1db30000 - 0x00007fff1db49000 	C:\Users\ZHEYK RYU KHAN\Juegos\MinTIC\Desarrollo software 3\backend\sts-4.16.0.RELEASE\plugins\org.eclipse.justj.openjdk.hotspot.jre.full.win32.x86_64_17.0.4.v20220903-1038\jre\bin\net.dll
0x00007fff14ae0000 - 0x00007fff14bea000 	C:\Windows\SYSTEM32\WINHTTP.dll
0x00007fff23a50000 - 0x00007fff23aba000 	C:\Windows\system32\mswsock.dll
0x00007fff1db10000 - 0x00007fff1db25000 	C:\Users\ZHEYK RYU KHAN\Juegos\MinTIC\Desarrollo software 3\backend\sts-4.16.0.RELEASE\plugins\org.eclipse.justj.openjdk.hotspot.jre.full.win32.x86_64_17.0.4.v20220903-1038\jre\bin\nio.dll
0x00007fff1fa40000 - 0x00007fff1fa49000 	C:\Users\ZHEYK RYU KHAN\Juegos\MinTIC\Desarrollo software 3\backend\sts-4.16.0.RELEASE\plugins\org.eclipse.justj.openjdk.hotspot.jre.full.win32.x86_64_17.0.4.v20220903-1038\jre\bin\management.dll
0x00007fff1fa30000 - 0x00007fff1fa3b000 	C:\Users\ZHEYK RYU KHAN\Juegos\MinTIC\Desarrollo software 3\backend\sts-4.16.0.RELEASE\plugins\org.eclipse.justj.openjdk.hotspot.jre.full.win32.x86_64_17.0.4.v20220903-1038\jre\bin\management_ext.dll
0x00007fff1dd30000 - 0x00007fff1dd47000 	C:\Windows\system32\napinsp.dll
0x00007fff1dc00000 - 0x00007fff1dc1b000 	C:\Windows\system32\pnrpnsp.dll
0x00007fff0a580000 - 0x00007fff0a595000 	C:\Windows\system32\wshbth.dll
0x00007fff1fa10000 - 0x00007fff1fa2d000 	C:\Windows\system32\NLAapi.dll
0x00007fff23760000 - 0x00007fff2379b000 	C:\Windows\SYSTEM32\IPHLPAPI.DLL
0x00007fff237a0000 - 0x00007fff2386b000 	C:\Windows\SYSTEM32\DNSAPI.dll
0x00007fff26a60000 - 0x00007fff26a68000 	C:\Windows\System32\NSI.dll
0x00007fff1dbe0000 - 0x00007fff1dbf2000 	C:\Windows\System32\winrnr.dll
0x00007fff13bb0000 - 0x00007fff13bba000 	C:\Windows\System32\rasadhlp.dll
0x00007fff15dd0000 - 0x00007fff15e4f000 	C:\Windows\System32\fwpuclnt.dll
0x00007fff24920000 - 0x00007fff24947000 	C:\Windows\System32\bcrypt.dll
0x00007fff23cb0000 - 0x00007fff23cc8000 	C:\Windows\SYSTEM32\CRYPTSP.dll
0x00007fff233f0000 - 0x00007fff23424000 	C:\Windows\system32\rsaenh.dll
0x00007fff24270000 - 0x00007fff2429e000 	C:\Windows\SYSTEM32\USERENV.dll
0x00007fff23be0000 - 0x00007fff23bec000 	C:\Windows\SYSTEM32\CRYPTBASE.dll
0x00007fff17120000 - 0x00007fff17137000 	C:\Windows\SYSTEM32\dhcpcsvc6.DLL
0x00007fff1be00000 - 0x00007fff1be1d000 	C:\Windows\SYSTEM32\dhcpcsvc.DLL
0x00007fff1da30000 - 0x00007fff1da40000 	C:\Users\ZHEYK RYU KHAN\Juegos\MinTIC\Desarrollo software 3\backend\sts-4.16.0.RELEASE\plugins\org.eclipse.justj.openjdk.hotspot.jre.full.win32.x86_64_17.0.4.v20220903-1038\jre\bin\verify.dll
0x00007fff1f630000 - 0x00007fff1f63e000 	C:\Users\ZHEYK RYU KHAN\Juegos\MinTIC\Desarrollo software 3\backend\sts-4.16.0.RELEASE\plugins\org.eclipse.justj.openjdk.hotspot.jre.full.win32.x86_64_17.0.4.v20220903-1038\jre\bin\sunmscapi.dll
0x00007fff24ae0000 - 0x00007fff24c36000 	C:\Windows\System32\CRYPT32.dll
0x00007fff23dc0000 - 0x00007fff23de7000 	C:\Windows\SYSTEM32\ncrypt.dll
0x00007fff23d80000 - 0x00007fff23dbb000 	C:\Windows\SYSTEM32\NTASN1.dll
0x00007fff1fb70000 - 0x00007fff1fb77000 	C:\Windows\system32\wshunix.dll

dbghelp: loaded successfully - version: 4.0.5 - missing functions: none
symbol engine: initialized successfully - sym options: 0x614 - pdb path: .;C:\Users\ZHEYK RYU KHAN\Juegos\MinTIC\Desarrollo software 3\backend\sts-4.16.0.RELEASE\plugins\org.eclipse.justj.openjdk.hotspot.jre.full.win32.x86_64_17.0.4.v20220903-1038\jre\bin;C:\Windows\SYSTEM32;C:\Windows\WinSxS\amd64_microsoft.windows.common-controls_6595b64144ccf1df_6.0.19041.1110_none_60b5254171f9507e;C:\Users\ZHEYK RYU KHAN\Juegos\MinTIC\Desarrollo software 3\backend\sts-4.16.0.RELEASE\plugins\org.eclipse.justj.openjdk.hotspot.jre.full.win32.x86_64_17.0.4.v20220903-1038\jre\bin\server

VM Arguments:
jvm_args: -Dcom.sun.management.jmxremote -Dcom.sun.management.jmxremote.port=2641 -Dcom.sun.management.jmxremote.authenticate=false -Dcom.sun.management.jmxremote.ssl=false -Djava.rmi.server.hostname=localhost -Dspring.jmx.enabled=true -Dspring.application.admin.enabled=true -XX:TieredStopAtLevel=1 -Dspring.boot.project.name=votaapp -Dfile.encoding=UTF-8 -XX:+ShowCodeDetailsInExceptionMessages 
java_command: com.app.web.VotaappApplication --spring.output.ansi.enabled=always
java_class_path (initial): C:\Users\ZHEYK RYU KHAN\Juegos\MinTIC\WORKSPACE_SPRING\votaapp\target\classes;C:\Users\ZHEYK RYU KHAN\.m2\repository\org\springframework\boot\spring-boot-starter-data-jpa\2.7.5\spring-boot-starter-data-jpa-2.7.5.jar;C:\Users\ZHEYK RYU KHAN\.m2\repository\org\springframework\boot\spring-boot-starter-aop\2.7.5\spring-boot-starter-aop-2.7.5.jar;C:\Users\ZHEYK RYU KHAN\.m2\repository\org\springframework\spring-aop\5.3.23\spring-aop-5.3.23.jar;C:\Users\ZHEYK RYU KHAN\.m2\repository\org\aspectj\aspectjweaver\1.9.7\aspectjweaver-1.9.7.jar;C:\Users\ZHEYK RYU KHAN\.m2\repository\org\springframework\boot\spring-boot-starter-jdbc\2.7.5\spring-boot-starter-jdbc-2.7.5.jar;C:\Users\ZHEYK RYU KHAN\.m2\repository\com\zaxxer\HikariCP\4.0.3\HikariCP-4.0.3.jar;C:\Users\ZHEYK RYU KHAN\.m2\repository\org\springframework\spring-jdbc\5.3.23\spring-jdbc-5.3.23.jar;C:\Users\ZHEYK RYU KHAN\.m2\repository\jakarta\transaction\jakarta.transaction-api\1.3.3\jakarta.transaction-api-1.3.3.jar;C:\Users\ZHEYK RYU KHAN\.m2\repository\jakarta\persistence\jakarta.persistence-api\2.2.3\jakarta.persistence-api-2.2.3.jar;C:\Users\ZHEYK RYU KHAN\.m2\repository\org\hibernate\hibernate-core\5.6.12.Final\hibernate-core-5.6.12.Final.jar;C:\Users\ZHEYK RYU KHAN\.m2\repository\org\jboss\logging\jboss-logging\3.4.3.Final\jboss-logging-3.4.3.Final.jar;C:\Users\ZHEYK RYU KHAN\.m2\repository\net\bytebuddy\byte-buddy\1.12.18\byte-buddy-1.12.18.jar;C:\Users\ZHEYK RYU KHAN\.m2\repository\antlr\antlr\2.7.7\antlr-2.7.7.jar;C:\Users\ZHEYK RYU KHAN\.m2\repository\org\jboss\jandex\2.4.2.Final\jandex-2.4.2.Final.jar;C:\Users\ZHEYK RYU KHAN\.m2\repository\com\fasterxml\classmate\1.5.1\classmate-1.5.1.jar;C:\Users\ZHEYK RYU KHAN\.m2\repository\org\hibernate\common\hibernate-commons-annotations\5.1.2.Final\hibernate-commons-annotations-5.1.2.Final.jar;C:\Users\ZHEYK RYU KHAN\.m2\repository\org\glassfish\jaxb\jaxb-runtime\2.3.7\jaxb-runtime-2.3.7.jar;C:\Users\ZHEYK RYU KHAN\.m2\repository\org\glassfi
Launcher Type: SUN_STANDARD

[Global flags]
     intx CICompilerCount                          = 3                                         {product} {ergonomic}
     uint ConcGCThreads                            = 1                                         {product} {ergonomic}
     uint G1ConcRefinementThreads                  = 4                                         {product} {ergonomic}
   size_t G1HeapRegionSize                         = 1048576                                   {product} {ergonomic}
    uintx GCDrainStackTargetSize                   = 64                                        {product} {ergonomic}
   size_t InitialHeapSize                          = 125829120                                 {product} {ergonomic}
     bool ManagementServer                         = true                                      {product} {command line}
   size_t MarkStackSize                            = 4194304                                   {product} {ergonomic}
   size_t MaxHeapSize                              = 1996488704                                {product} {ergonomic}
   size_t MaxNewSize                               = 1197473792                                {product} {ergonomic}
   size_t MinHeapDeltaBytes                        = 1048576                                   {product} {ergonomic}
   size_t MinHeapSize                              = 8388608                                   {product} {ergonomic}
    uintx NonProfiledCodeHeapSize                  = 0                                      {pd product} {ergonomic}
     bool ProfileInterpreter                       = false                                  {pd product} {command line}
    uintx ProfiledCodeHeapSize                     = 0                                      {pd product} {ergonomic}
     bool ShowCodeDetailsInExceptionMessages       = true                                   {manageable} {command line}
   size_t SoftMaxHeapSize                          = 1996488704                             {manageable} {ergonomic}
     intx TieredStopAtLevel                        = 1                                         {product} {command line}
     bool UseCompressedClassPointers               = true                           {product lp64_product} {ergonomic}
     bool UseCompressedOops                        = true                           {product lp64_product} {ergonomic}
     bool UseG1GC                                  = true                                      {product} {ergonomic}
     bool UseLargePagesIndividualAllocation        = false                                  {pd product} {ergonomic}

Logging:
Log output configuration:
 #0: stdout all=warning uptime,level,tags
 #1: stderr all=off uptime,level,tags

Environment Variables:
JAVA_HOME=C:\Program Files\Java\jdk-18.0.1.1\bin\javac.exe
PATH=C:/Users/ZHEYK RYU KHAN/Juegos/MinTIC/Desarrollo software 3/backend/sts-4.16.0.RELEASE//plugins/org.eclipse.justj.openjdk.hotspot.jre.full.win32.x86_64_17.0.4.v20220903-1038/jre/bin/server;C:/Users/ZHEYK RYU KHAN/Juegos/MinTIC/Desarrollo software 3/backend/sts-4.16.0.RELEASE//plugins/org.eclipse.justj.openjdk.hotspot.jre.full.win32.x86_64_17.0.4.v20220903-1038/jre/bin;C:\Program Files\Common Files\Oracle\Java\javapath;C:\Program Files (x86)\Common Files\Oracle\Java\javapath;C:\Program Files (x86)\NVIDIA Corporation\PhysX\Common;c:\program files (x86)\intel\icls client\;c:\program files\intel\icls client\;c:\windows\system32;c:\windows;c:\windows\system32\wbem;c:\windows\system32\windowspowershell\v1.0\;c:\windows\system32\openssh\;c:\program files (x86)\intel\intel(r) management engine components\dal;c:\program files\intel\intel(r) management engine components\dal;c:\program files (x86)\intel\intel(r) management engine components\ipt;c:\program files\intel\intel(r) management engine components\ipt;C:\Program Files\Git\cmd;C:\ProgramData\chocolatey\bin;C:\Program Files\nodejs\;C:\Users\ZHEYK RYU KHAN\AppData\Local\Programs\Python\Python310\Scripts\;C:\Users\ZHEYK RYU KHAN\AppData\Local\Programs\Python\Python310\;C:\Users\ZHEYK RYU KHAN\AppData\Local\Microsoft\WindowsApps;C:\Program Files\Java\jdk-18.0.1.1\bin;C:\Users\ZHEYK RYU KHAN\AppData\Local\Programs\Microsoft VS Code\bin;C:\Users\ZHEYK RYU KHAN\AppData\Roaming\npm;C:\Users\ZHEYK RYU KHAN\Juegos\MinTIC\Desarrollo software 3\backend\sts-4.16.0.RELEASE;
USERNAME=ZHEYK RYU KHAN
OS=Windows_NT
PROCESSOR_IDENTIFIER=Intel64 Family 6 Model 78 Stepping 3, GenuineIntel
TMP=C:\Users\ZHEYKR~1\AppData\Local\Temp
TEMP=C:\Users\ZHEYKR~1\AppData\Local\Temp



---------------  S Y S T E M  ---------------

OS:
 Windows 10 , 64 bit Build 19041 (10.0.19041.1645)
OS uptime: 0 days 3:19 hours
Hyper-V role detected

CPU: total 4 (initial active 4) (2 cores per cpu, 2 threads per core) family 6 model 78 stepping 3 microcode 0xcc, cx8, cmov, fxsr, ht, mmx, 3dnowpref, sse, sse2, sse3, ssse3, sse4.1, sse4.2, popcnt, lzcnt, tsc, tscinvbit, avx, avx2, aes, erms, clmul, bmi1, bmi2, adx, fma, vzeroupper, clflush, clflushopt, hv

Memory: 4k page, system-wide physical 7610M (858M free)
TotalPageFile size 7610M (AvailPageFile size 5M)
current process WorkingSet (physical memory assigned to process): 222M, peak: 222M
current process commit charge ("private bytes"): 253M, peak: 255M

vm_info: OpenJDK 64-Bit Server VM (17.0.4.1+1) for windows-amd64 JRE (17.0.4.1+1), built on Aug 17 2022 07:42:43 by "temurin" with MS VC++ 16.7 (VS2019)

END.
